              "tests": [
                {
                  "timeout": 30000,
                  "annotations": [],
                  "expectedStatus": "passed",
                  "projectId": "chromium",
                  "projectName": "chromium",
                  "results": [
                    {
                      "workerIndex": 1,
                      "parallelIndex": 0,
                      "status": "passed",
                      "duration": 4331,
                      "errors": [],
                      "stdout": [],
                      "stderr": [],
                      "retry": 0,
                      "startTime": "2026-04-19T17:42:01.726Z",
                      "annotations": [],
                      "attachments": []
                    }
                  ],
                  "status": "expected"
                }
              ],
              "id": "3376beba68e737eb2418-81aa61edb8b42929c037",
              "file": "translations-dashboard.spec.ts",
              "line": 16,
              "column": 7
            },
            {
              "title": "filter by status=draft narrows active table to zero rows",
              "ok": true,
              "tags": [],
              "tests": [
                {
                  "timeout": 30000,
                  "annotations": [],
                  "expectedStatus": "passed",
                  "projectId": "chromium",
                  "projectName": "chromium",
                  "results": [
                    {
                      "workerIndex": 1,
                      "parallelIndex": 0,
                      "status": "passed",
                      "duration": 2082,
                      "errors": [],
                      "stdout": [],
                      "stderr": [],
                      "retry": 0,
                      "startTime": "2026-04-19T17:42:06.066Z",
                      "annotations": [],
                      "attachments": []
                    }
                  ],
                  "status": "expected"
                }
              ],
              "id": "3376beba68e737eb2418-08d598b8a8445d93c113",
              "file": "translations-dashboard.spec.ts",
              "line": 34,
              "column": 7
            }
          ]
        }
      ]
    }
  ],
  "errors": [],
  "stats": {
    "startTime": "2026-04-19T17:41:34.286Z",
    "duration": 33942.81,
    "expected": 7,
    "skipped": 1,
    "unexpected": 0,
    "flaky": 0
  }
}
[session-acquire] Released slot s2
