              "tests": [
                {
                  "timeout": 30000,
                  "annotations": [],
                  "expectedStatus": "passed",
                  "projectId": "firefox",
                  "projectName": "firefox",
                  "results": [
                    {
                      "workerIndex": 1,
                      "parallelIndex": 0,
                      "status": "passed",
                      "duration": 4535,
                      "errors": [],
                      "stdout": [],
                      "stderr": [],
                      "retry": 0,
                      "startTime": "2026-04-19T17:43:03.109Z",
                      "annotations": [],
                      "attachments": []
                    }
                  ],
                  "status": "expected"
                }
              ],
              "id": "3376beba68e737eb2418-6c692bb3ac33bf0451ce",
              "file": "translations-dashboard.spec.ts",
              "line": 16,
              "column": 7
            },
            {
              "title": "filter by status=draft narrows active table to zero rows",
              "ok": true,
              "tags": [],
              "tests": [
                {
                  "timeout": 30000,
                  "annotations": [],
                  "expectedStatus": "passed",
                  "projectId": "firefox",
                  "projectName": "firefox",
                  "results": [
                    {
                      "workerIndex": 1,
                      "parallelIndex": 0,
                      "status": "passed",
                      "duration": 2413,
                      "errors": [],
                      "stdout": [],
                      "stderr": [],
                      "retry": 0,
                      "startTime": "2026-04-19T17:43:07.652Z",
                      "annotations": [],
                      "attachments": []
                    }
                  ],
                  "status": "expected"
                }
              ],
              "id": "3376beba68e737eb2418-d71e9c96a9e5da6123cd",
              "file": "translations-dashboard.spec.ts",
              "line": 34,
              "column": 7
            }
          ]
        }
      ]
    }
  ],
  "errors": [],
  "stats": {
    "startTime": "2026-04-19T17:42:36.439Z",
    "duration": 33904.586,
    "expected": 7,
    "skipped": 1,
    "unexpected": 0,
    "flaky": 0
  }
}
[session-acquire] Released slot s1
